[14:04:34] This is prokka 1.12
[14:04:34] Written by Torsten Seemann <torsten.seemann@gmail.com>
[14:04:34] Homepage is https://github.com/tseemann/prokka
[14:04:34] Local time is Thu Jan 17 14:04:34 2019
[14:04:34] You are fredrik.boulund
[14:04:34] Operating system is linux
[14:04:34] You have BioPerl 1.007002
[14:04:34] System has 40 cores.
[14:04:34] Will use maximum of 8 cores.
[14:04:34] Annotating as >>> Bacteria <<<
[14:04:34] Creating new output folder: 2351_prokka
[14:04:34] Running: mkdir -p 2351_prokka
[14:04:34] Using filename prefix: 2351.XXX
[14:04:34] Setting HMMER_NCPU=1
[14:04:34] Writing log to: 2351_prokka/2351.log
[14:04:34] Command: /home/ctmr/anaconda3/envs/bactpipe/bin/prokka --force --evalue 1e-09 --kingdom Bacteria --locustag 2351 --outdir 2351_prokka --prefix 2351 --strain 2351 --gram neg 2351.contigs.fa
[14:04:34] Appending to PATH: /home/ctmr/anaconda3/envs/bactpipe/bin
[14:04:34] Looking for 'aragorn' - found /home/ctmr/anaconda3/envs/bactpipe/bin/aragorn
[14:04:34] Determined aragorn version is 1.2
[14:04:34] Looking for 'barrnap' - found /home/ctmr/anaconda3/envs/bactpipe/bin/barrnap
[14:04:34] Determined barrnap version is 0.9
[14:04:34] Looking for 'blastp' - found /home/ctmr/anaconda3/envs/bactpipe/bin/blastp
[14:04:34] Determined blastp version is 2.7
[14:04:34] Looking for 'cmpress' - found /home/ctmr/anaconda3/envs/bactpipe/bin/cmpress
[14:04:34] Determined cmpress version is 1.1
[14:04:34] Looking for 'cmscan' - found /home/ctmr/anaconda3/envs/bactpipe/bin/cmscan
[14:04:34] Determined cmscan version is 1.1
[14:04:34] Looking for 'egrep' - found /usr/bin/egrep
[14:04:34] Looking for 'find' - found /usr/bin/find
[14:04:34] Looking for 'grep' - found /usr/bin/grep
[14:04:34] Looking for 'hmmpress' - found /home/ctmr/anaconda3/envs/bactpipe/bin/hmmpress
[14:04:34] Determined hmmpress version is 3.2
[14:04:34] Looking for 'hmmscan' - found /home/ctmr/anaconda3/envs/bactpipe/bin/hmmscan
[14:04:34] Determined hmmscan version is 3.2
[14:04:34] Looking for 'java' - found /home/ctmr/anaconda3/envs/bactpipe/bin/java
[14:04:34] Looking for 'less' - found /usr/bin/less
[14:04:34] Looking for 'makeblastdb' - found /home/ctmr/anaconda3/envs/bactpipe/bin/makeblastdb
[14:04:34] Determined makeblastdb version is 2.7
[14:04:34] Looking for 'minced' - found /home/ctmr/anaconda3/envs/bactpipe/bin/minced
[14:04:34] Determined minced version is 3.0
[14:04:34] Looking for 'parallel' - found /home/ctmr/anaconda3/envs/bactpipe/bin/parallel
[14:04:34] Determined parallel version is 20160622
[14:04:34] Looking for 'prodigal' - found /home/ctmr/anaconda3/envs/bactpipe/bin/prodigal
[14:04:34] Determined prodigal version is 2.6
[14:04:34] Looking for 'prokka-genbank_to_fasta_db' - found /home/ctmr/anaconda3/envs/bactpipe/bin/prokka-genbank_to_fasta_db
[14:04:34] Looking for 'sed' - found /usr/bin/sed
[14:04:34] Looking for 'signalp' - found /home/ctmr/bin/signalp
[14:04:35] Determined signalp version is 4.1
[14:04:35] Looking for 'tbl2asn' - found /home/ctmr/anaconda3/envs/bactpipe/bin/tbl2asn
[14:04:35] Determined tbl2asn version is 25.6
[14:04:35] Using genetic code table 11.
[14:04:35] Loading and checking input file: 2351.contigs.fa
[14:04:35] Wrote 174 contigs totalling 5171818 bp.
[14:04:35] Predicting tRNAs and tmRNAs
[14:04:35] Running: aragorn -l -gc11  -w 2351_prokka\/2351\.fna
[14:04:36] 1 tRNA-Leu c[719,803] 35 (caa)
[14:04:36] 2 tRNA-Gly c[113592,113667] 34 (gcc)
[14:04:36] 3 tRNA-Gly c[113703,113778] 34 (gcc)
[14:04:36] 4 tRNA-Gly c[113936,114011] 34 (gcc)
[14:04:36] 5 tRNA-Phe [143170,143245] 34 (gaa)
[14:04:36] 1 tRNA-Lys c[196537,196612] 34 (ttt)
[14:04:36] 2 tRNA-Val c[196617,196692] 34 (tac)
[14:04:36] 3 tRNA-Val c[196739,196814] 34 (tac)
[14:04:36] 4 tRNA-Val c[196859,196934] 34 (tac)
[14:04:36] 5 tRNA-Ala [199633,199708] 34 (ggc)
[14:04:36] 6 tRNA-Ala [199748,199823] 34 (ggc)
[14:04:36] 7 tRNA-Arg c[243118,243192] 34 (cct)
[14:04:36] 1 tRNA-Tyr [176531,176615] 35 (gta)
[14:04:36] 2 tRNA-Tyr [176650,176734] 35 (gta)
[14:04:36] 1 tRNA-Arg [100953,101029] 35 (tct)
[14:04:36] 2 tRNA-Gln c[220735,220809] 33 (ctg)
[14:04:36] 3 tRNA-Gln c[220847,220921] 33 (ctg)
[14:04:36] 4 tRNA-Met c[220970,221046] 35 (cat)
[14:04:36] 5 tRNA-Gln c[221062,221136] 33 (ttg)
[14:04:36] 6 tRNA-Gln c[221171,221245] 33 (ttg)
[14:04:36] 7 tRNA-Leu c[221269,221353] 35 (tag)
[14:04:36] 8 tRNA-Met c[221362,221438] 35 (cat)
[14:04:36] 1 tRNA-Ser [61652,61739] 35 (tga)
[14:04:36] 2 tRNA-Ser [167683,167770] 35 (gga)
[14:04:36] 1 tRNA-Phe c[1945,2020] 34 (gaa)
[14:04:36] 2 tRNA-Gly [117375,117448] 33 (ccc)
[14:04:36] 3 tRNA-Met c[179467,179543] 35 (cat)
[14:04:36] 4 tRNA-Met c[179577,179653] 35 (cat)
[14:04:36] 5 tRNA-Met c[179687,179763] 35 (cat)
[14:04:36] 1 tRNA-Ser [55511,55591] 38 (gga)
[14:04:36] 1 tRNA-SeC c[111251,111345] 35 (tca)
[14:04:36] 1 tRNA-Met c[59182,59257] 34 (cat)
[14:04:36] 1 tRNA-Ser c[22146,22233] 35 (gga)
[14:04:36] 2 tRNA-Met [123365,123440] 34 (cat)
[14:04:36] 3 tRNA-Arg [123448,123524] 35 (tcg)
[14:04:36] 4 tRNA-Arg [123538,123614] 35 (tct)
[14:04:36] 1 tRNA-Leu [88585,88671] 35 (gag)
[14:04:36] 2 tRNA-Met [92454,92530] 35 (cat)
[14:04:36] 1 tRNA-Ser [89646,89738] 35 (gct)
[14:04:36] 2 tRNA-Arg [89742,89818] 35 (acg)
[14:04:36] 3 tRNA-Arg c[89762,89833] 34 (tcg)
[14:04:36] 4 tRNA-Arg [90016,90092] 35 (acg)
[14:04:36] 5 tRNA-Arg [90291,90367] 35 (acg)
[14:04:36] 6 tRNA-Arg [90566,90642] 35 (acg)
[14:04:36] 1 tRNA-Leu c[88627,88713] 35 (cag)
[14:04:36] 2 tRNA-Leu c[88748,88834] 35 (cag)
[14:04:36] 3 tRNA-Leu c[88863,88949] 35 (cag)
[14:04:36] 1 tRNA-Val c[1859,1935] 35 (gac)
[14:04:36] 2 tRNA-Val c[1940,2016] 35 (gac)
[14:04:36] 1 tRNA-Pro c[16925,17001] 35 (ggg)
[14:04:36] 1 tRNA-Pro c[42350,42426] 35 (cgg)
[14:04:36] 1 tRNA-Asp [173,249] 35 (gtc)
[14:04:36] 2 tRNA-Trp [258,333] 34 (cca)
[14:04:36] 3 tRNA-Arg [35677,35753] 35 (ccg)
[14:04:36] 4 tRNA-His [35812,35887] 34 (gtg)
[14:04:36] 5 tRNA-Leu [35908,35994] 35 (cag)
[14:04:36] 6 tRNA-Pro [36037,36113] 35 (tgg)
[14:04:36] 1 tRNA-Asn c[49079,49154] 34 (gtt)
[14:04:36] 2 tRNA-Asn c[51488,51563] 34 (gtt)
[14:04:36] 3 tRNA-Asn [53312,53387] 34 (gtt)
[14:04:36] 1 tRNA-Lys c[18981,19056] 34 (ttt)
[14:04:37] 2 tRNA-Lys c[19090,19165] 34 (ttt)
[14:04:37] 3 tRNA-Lys c[19312,19387] 34 (ttt)
[14:04:37] 4 tRNA-Val c[19391,19466] 34 (tac)
[14:04:37] 5 tRNA-Lys c[19616,19691] 34 (ttt)
[14:04:37] 6 tRNA-Val c[19694,19769] 34 (tac)
[14:04:37] 7 tRNA-Lys c[19905,19980] 34 (ttt)
[14:04:37] 1 tRNA-Ser c[34496,34585] 35 (cga)
[14:04:37] 2 tRNA-Asn [35577,35652] 34 (gtt)
[14:04:37] 1 tRNA-Thr [21407,21482] 34 (cgt)
[14:04:37] 1 tmRNA [24291,24653] 90,125 ANDENYALAA**
[14:04:37] 1 tRNA-Leu c[4223,4309] 35 (taa)
[14:04:37] 2 tRNA-Cys c[4322,4395] 33 (gca)
[14:04:37] 3 tRNA-Gly c[4450,4525] 34 (gcc)
[14:04:37] 1 tRNA-Asp c[4298,4374] 35 (gtc)
[14:04:37] 2 tRNA-Asp c[12522,12598] 35 (gtc)
[14:04:37] 1 tRNA-Thr c[5785,5860] 34 (ggt)
[14:04:37] 1 tRNA-Thr c[452,527] 34 (ggt)
[14:04:37] 2 tRNA-Gly c[534,608] 34 (tcc)
[14:04:37] 3 tRNA-Tyr c[725,809] 35 (gta)
[14:04:37] 4 tRNA-Thr c[818,893] 34 (tgt)
[14:04:37] 1 tRNA-Ala c[189,264] 34 (tgc)
[14:04:37] 2 tRNA-Ile c[307,383] 35 (gat)
[14:04:37] Found 83 tRNAs
[14:04:37] Predicting Ribosomal RNAs
[14:04:37] Running Barrnap with 8 threads
[14:04:41] 1 contig00001 293828 5S ribosomal RNA
[14:04:41] 2 contig00002 199 5S ribosomal RNA
[14:04:41] 3 contig00022 5 5S ribosomal RNA
[14:04:41] 4 contig00034 2 5S ribosomal RNA
[14:04:41] 5 contig00069 5633 5S ribosomal RNA
[14:04:41] 6 contig00069 5878 5S ribosomal RNA
[14:04:41] 7 contig00073 4362 5S ribosomal RNA (partial)
[14:04:41] 8 contig00085 125 23S ribosomal RNA
[14:04:41] 9 contig00095 150 16S ribosomal RNA
[14:04:41] Found 9 rRNAs
[14:04:41] Skipping ncRNA search, enable with --rfam if desired.
[14:04:41] Total of 91 tRNA + rRNA features
[14:04:41] Searching for CRISPR repeats
[14:04:42] Found 0 CRISPRs
[14:04:42] Predicting coding sequences
[14:04:42] Contigs total 5171818 bp, so using single mode
[14:04:42] Running: prodigal -i 2351_prokka\/2351\.fna -c -m -g 11 -p single -f sco -q
[14:04:47] Excluding CDS which overlaps existing RNA (tRNA) at contig00007:55581..55826 on + strand
[14:04:49] Excluding CDS which overlaps existing RNA (tRNA) at contig00021:41930..42475 on + strand
[14:04:49] Excluding CDS which overlaps existing RNA (tRNA) at contig00048:4025..4276 on + strand
[14:04:50] Excluding CDS which overlaps existing RNA (rRNA) at contig00095:1334..1588 on + strand
[14:04:50] Found 4870 CDS
[14:04:50] Connecting features back to sequences
[14:04:50] Looking for signal peptides at start of predicted proteins
[14:04:50] Treating Bacteria as gram-
[14:04:51] Running: signalp -t gram- -f short  2351_prokka\/signalp\.faa 2> /dev/null
[14:06:49] Found 455 signal peptides
[14:06:49] Deleting unwanted file: 2351_prokka/signalp.faa
[14:06:49] Not using genus-specific database. Try --usegenus to enable it.
[14:06:49] Annotating CDS, please be patient.
[14:06:49] Will use 8 CPUs for similarity searching.
[14:06:50] There are still 4870 unannotated CDS left (started with 4870)
[14:06:50] Will use blast to search against /home/ctmr/anaconda3/envs/bactpipe/bin/../db/kingdom/Bacteria/sprot with 8 CPUs
[14:06:50] Running: cat 2351_prokka\/sprot\.faa | parallel --gnu --plain -j 8 --block 95364 --recstart '>' --pipe blastp -query - -db /home/ctmr/anaconda3/envs/bactpipe/bin/../db/kingdom/Bacteria/sprot -evalue 1e-09 -num_threads 1 -num_descriptions 1 -num_alignments 1 -seg no > 2351_prokka\/sprot\.blast 2> /dev/null
[14:07:40] Modify product: Uncharacterized lipoprotein YbjP => putative lipoprotein YbjP
[14:07:40] Modify product: Uncharacterized membrane protein YdfK => putative membrane protein YdfK
[14:07:40] Modify product: Probable Fe(2+)-trafficking protein => putative Fe(2+)-trafficking protein
[14:07:40] Modify product: Probable xanthine dehydrogenase subunit A => putative xanthine dehydrogenase subunit A
[14:07:40] Modify product: Probable ATP synthase SpaL => putative ATP synthase SpaL
[14:07:40] Modify product: Probable ATP synthase SpaL => putative ATP synthase SpaL
[14:07:40] Modify product: Uncharacterized lipoprotein YgdR => putative lipoprotein YgdR
[14:07:40] Modify product: Uncharacterized lipoprotein YgdR => putative lipoprotein YgdR
[14:07:40] Modify product: Probable glucarate transporter => putative glucarate transporter
[14:07:40] Modify product: Probable fimbrial chaperone EcpE => putative fimbrial chaperone EcpE
[14:07:40] Modify product: Probable outer membrane usher protein EcpC => putative outer membrane usher protein EcpC
[14:07:40] Modify product: Probable fimbrial chaperone EcpB => putative fimbrial chaperone EcpB
[14:07:40] Modify product: Uncharacterized membrane protein YkgR => putative membrane protein YkgR
[14:07:40] Modify product: Probable pyridine nucleotide-disulfide oxidoreductase RclA => putative pyridine nucleotide-disulfide oxidoreductase RclA
[14:07:40] Modify product: Uncharacterized HTH-type transcriptional regulator YahB => putative HTH-type transcriptional regulator YahB
[14:07:40] Modify product: Uncharacterized transporter YycB => putative transporter YycB
[14:07:40] Modify product: Probable diguanylate cyclase AdrA => putative diguanylate cyclase AdrA
[14:07:40] Modify product: Uncharacterized lipoprotein YajI => putative lipoprotein YajI
[14:07:40] Modify product: Probable transport protein HsrA => putative transport protein HsrA
[14:07:40] Modify product: Probable fimbrial chaperone YraI => putative fimbrial chaperone YraI
[14:07:40] Modify product: Probable outer membrane usher protein ElfC => putative outer membrane usher protein ElfC
[14:07:40] Modify product: Uncharacterized fimbrial-like protein ElfG => putative fimbrial-like protein ElfG
[14:07:40] Modify product: Probable 2-dehydro-3-deoxygalactonokinase DgoK1 => putative 2-dehydro-3-deoxygalactonokinase DgoK1
[14:07:40] Modify product: Uncharacterized symporter YidK => putative symporter YidK
[14:07:40] Modify product: Uncharacterized inner membrane transporter YicL => putative inner membrane transporter YicL
[14:07:40] Modify product: Uncharacterized glycosyltransferase EpsJ => putative glycosyltransferase EpsJ
[14:07:40] Modify product: Uncharacterized oxidoreductase YbdH => putative oxidoreductase YbdH
[14:07:40] Modify product: Uncharacterized HTH-type transcriptional regulator YbdO => putative HTH-type transcriptional regulator YbdO
[14:07:40] Modify product: Probable zinc-binding alcohol dehydrogenase Rv1895 => putative zinc-binding alcohol dehydrogenase
[14:07:40] Modify product: Hydrolase Rv0480c => Hydrolase
[14:07:40] Modify product: Uncharacterized HTH-type transcriptional regulator YbdO => putative HTH-type transcriptional regulator YbdO
[14:07:40] Modify product: Probable glutamine ABC transporter permease protein GlnM => putative glutamine ABC transporter permease protein GlnM
[14:07:40] Modify product: Uncharacterized lipoprotein ChiQ => putative lipoprotein ChiQ
[14:07:40] Modify product: Probable diguanylate cyclase YcdT => putative diguanylate cyclase YcdT
[14:07:40] Modify product: Probable malonic semialdehyde reductase RutE => putative malonic semialdehyde reductase RutE
[14:07:40] Modify product: Uncharacterized lipoprotein GfcB => putative lipoprotein GfcB
[14:07:40] Modify product: Probable Ni/Fe-hydrogenase 1 B-type cytochrome subunit => putative Ni/Fe-hydrogenase 1 B-type cytochrome subunit
[14:07:40] Modify product: Uncharacterized fimbrial chaperone YcbF => putative fimbrial chaperone YcbF
[14:07:40] Modify product: Uncharacterized fimbrial-like protein YcbV => putative fimbrial-like protein YcbV
[14:07:40] Modify product: Uncharacterized fimbrial-like protein YcbU => putative fimbrial-like protein YcbU
[14:07:40] Modify product: Uncharacterized fimbrial-like protein ElfG => putative fimbrial-like protein ElfG
[14:07:40] Modify product: Probable outer membrane usher protein ElfC => putative outer membrane usher protein ElfC
[14:07:40] Modify product: Probable fimbrial chaperone protein ElfD => putative fimbrial chaperone protein ElfD
[14:07:40] Modify product: Probable formate transporter 1 => putative formate transporter 1
[14:07:40] Modify product: Uncharacterized MFS-type transporter YcaD => putative MFS-type transporter YcaD
[14:07:40] Modify product: Probable protease SohB => putative protease SohB
[14:07:40] Modify product: Uncharacterized oxidoreductase YciK => putative oxidoreductase YciK
[14:07:41] Modify product: Probable intracellular septation protein A => putative intracellular septation protein A
[14:07:41] Modify product: Uncharacterized acyl-CoA thioester hydrolase HI_0827 => putative acyl-CoA thioester hydrolase
[14:07:41] Modify product: Uncharacterized NTE family protein Rv1063c => putative NTE family protein
[14:07:41] Modify product: Probable autotransporter ROD_p1121 => putative autotransporter
[14:07:41] Modify product: Probable two-component-system connector protein AriR => putative two-component-system connector protein AriR
[14:07:41] Modify product: Probable two-component-system connector protein YcgZ => putative two-component-system connector protein YcgZ
[14:07:41] Modify product: Prophage tail fiber assembly protein homolog TfaE => Prophage tail fiber assembly protein  TfaE
[14:07:41] Modify product: Probable multidrug resistance ABC transporter ATP-binding/permease protein YheI => putative multidrug resistance ABC transporter ATP-binding/permease protein YheI
[14:07:41] Modify product: Uncharacterized HTH-type transcriptional regulator YbaQ => putative HTH-type transcriptional regulator YbaQ
[14:07:41] Modify product: Probable iron export ATP-binding protein FetA => putative iron export ATP-binding protein FetA
[14:07:41] Modify product: Probable iron export permease protein FetB => putative iron export permease protein FetB
[14:07:41] Modify product: Uncharacterized oxidoreductase Rv0484c => putative oxidoreductase
[14:07:41] Modify product: Bifunctional protein FolD => Bifunctional protein FolD protein
[14:07:41] Modify product: Uncharacterized fimbrial-like protein SfmA => putative fimbrial-like protein SfmA
[14:07:41] Modify product: Probable fimbrial chaperone SfmC => putative fimbrial chaperone SfmC
[14:07:41] Modify product: Uncharacterized fimbrial-like protein SfmH => putative fimbrial-like protein SfmH
[14:07:41] Modify product: Uncharacterized fimbrial-like protein SfmF => putative fimbrial-like protein SfmF
[14:07:41] Modify product: Probable deoxyribonuclease RhsA => putative deoxyribonuclease RhsA
[14:07:41] Modify product: Probable deoxyribonuclease RhsB => putative deoxyribonuclease RhsB
[14:07:41] Modify product: Solute-binding protein Bamb_6123 => Solute-binding protein
[14:07:41] Modify product: Probable L-ascorbate-6-phosphate lactonase UlaG => putative L-ascorbate-6-phosphate lactonase UlaG
[14:07:41] Modify product: Probable cadaverine/lysine antiporter => putative cadaverine/lysine antiporter
[14:07:41] Modify product: Probable transcriptional regulator PhnF => putative transcriptional regulator PhnF
[14:07:41] Modify product: Uncharacterized ferredoxin-like protein YdhX => putative ferredoxin-like protein YdhX
[14:07:41] Modify product: Uncharacterized lipoprotein GfcB => putative lipoprotein GfcB
[14:07:41] Modify product: Uncharacterized N-acetyltransferase YjaB => putative N-acetyltransferase YjaB
[14:07:41] Modify product: Uncharacterized glycosyltransferase EpsJ => putative glycosyltransferase EpsJ
[14:07:41] Modify product: Probable transcriptional regulatory protein YebC => putative transcriptional regulatory protein YebC
[14:07:41] Modify product: Probable manganese efflux pump MntP => putative manganese efflux pump MntP
[14:07:41] Modify product: Probable ATP-dependent helicase DinG homolog => putative ATP-dependent helicase DinG 
[14:07:41] Modify product: Probable diguanylate cyclase YeaP => putative diguanylate cyclase YeaP
[14:07:41] Modify product: Stress response UPF0229 protein YhbH => hypothetical protein
[14:07:41] Modify product: Probable fructose-bisphosphate aldolase => putative fructose-bisphosphate aldolase
[14:07:41] Modify product: Uncharacterized sugar kinase YdjH => putative sugar kinase YdjH
[14:07:41] Modify product: Uncharacterized oxidoreductase YhhX => putative oxidoreductase YhhX
[14:07:41] Modify product: Probable [Fe-S]-dependent transcriptional repressor FeoC => putative [Fe-S]-dependent transcriptional repressor FeoC
[14:07:41] Modify product: Putative membrane protein IgaA homolog => Putative membrane protein IgaA 
[14:07:41] Modify product: Uncharacterized HTH-type transcriptional regulator YurK => putative HTH-type transcriptional regulator YurK
[14:07:41] Modify product: Probable adenosine monophosphate-protein transferase fic => putative adenosine monophosphate-protein transferase fic
[14:07:41] Modify product: Uncharacterized ABC transporter ATP-binding protein YheS => putative ABC transporter ATP-binding protein YheS
[14:07:41] Modify product: Uncharacterized membrane protein Rv0364 => putative membrane protein
[14:07:41] Modify product: Epimerase family protein SA0724 => Epimerase family protein
[14:07:41] Modify product: Uncharacterized Nudix hydrolase YfcD => putative Nudix hydrolase YfcD
[14:07:41] Modify product: Acetyltransferase SACOL1063 => Acetyltransferase
[14:07:41] Modify product: Probable 4-amino-4-deoxy-L-arabinose-phosphoundecaprenol flippase subunit ArnF => putative 4-amino-4-deoxy-L-arabinose-phosphoundecaprenol flippase subunit ArnF
[14:07:41] Modify product: Probable 4-amino-4-deoxy-L-arabinose-phosphoundecaprenol flippase subunit ArnE => putative 4-amino-4-deoxy-L-arabinose-phosphoundecaprenol flippase subunit ArnE
[14:07:41] Modify product: Probable 4-deoxy-4-formamido-L-arabinose-phosphoundecaprenol deformylase ArnD => putative 4-deoxy-4-formamido-L-arabinose-phosphoundecaprenol deformylase ArnD
[14:07:41] Modify product: Probable serine transporter => putative serine transporter
[14:07:41] Modify product: Probable glycerol-3-phosphate acyltransferase => putative glycerol-3-phosphate acyltransferase
[14:07:42] Modify product: Probable fimbrial chaperone YfcS => putative fimbrial chaperone YfcS
[14:07:42] Modify product: Uncharacterized fimbrial-like protein YbgD => putative fimbrial-like protein YbgD
[14:07:42] Modify product: Uncharacterized ferredoxin-like protein YfhL => putative ferredoxin-like protein YfhL
[14:07:42] Modify product: Probable 3-phenylpropionic acid transporter => putative 3-phenylpropionic acid transporter
[14:07:42] Modify product: Uncharacterized lipoprotein YfhM => putative lipoprotein YfhM
[14:07:42] Modify product: Probable formate transporter 2 => putative formate transporter 2
[14:07:42] Modify product: Probable deferrochelatase/peroxidase YfeX => putative deferrochelatase/peroxidase YfeX
[14:07:42] Modify product: Uncharacterized oxidoreductase Rv1350 => putative oxidoreductase
[14:07:42] Modify product: Probable multidrug resistance protein EmrK => putative multidrug resistance protein EmrK
[14:07:42] Modify product: Probable multidrug resistance protein EmrY => putative multidrug resistance protein EmrY
[14:07:42] Modify product: Probable phospholipid-binding lipoprotein MlaA => putative phospholipid-binding lipoprotein MlaA
[14:07:42] Modify product: Uncharacterized fimbrial-like protein YfcV => putative fimbrial-like protein YfcV
[14:07:42] Modify product: Probable fimbrial chaperone YfcS => putative fimbrial chaperone YfcS
[14:07:42] Modify product: Uncharacterized fimbrial-like protein YfcR => putative fimbrial-like protein YfcR
[14:07:42] Modify product: Uncharacterized fimbrial-like protein YfcQ => putative fimbrial-like protein YfcQ
[14:07:42] Modify product: Uncharacterized fimbrial-like protein YfcP => putative fimbrial-like protein YfcP
[14:07:42] Modify product: Probable diguanylate cyclase YdaM => putative diguanylate cyclase YdaM
[14:07:42] Modify product: Probable DNA endonuclease SmrA => putative DNA endonuclease SmrA
[14:07:42] Modify product: Probable quinol monooxygenase YgiN => putative quinol monooxygenase YgiN
[14:07:42] Modify product: Probable deoxycholate-binding periplasmic protein YgiS => putative deoxycholate-binding periplasmic protein YgiS
[14:07:42] Modify product: Uncharacterized oxidoreductase YghA => putative oxidoreductase YghA
[14:07:42] Modify product: Probable Ni/Fe-hydrogenase 2 b-type cytochrome subunit => putative Ni/Fe-hydrogenase 2 b-type cytochrome subunit
[14:07:42] Modify product: Probable phosphatase YcdX => putative phosphatase YcdX
[14:07:42] Modify product: Cytochrome b561 homolog 2 => Cytochrome b561 
[14:07:42] Modify product: Uncharacterized lipoprotein YceB => putative lipoprotein YceB
[14:07:42] Modify product: Uncharacterized metal-dependent hydrolase YcfH => putative metal-dependent hydrolase YcfH
[14:07:42] Modify product: Probable L,D-transpeptidase YcfS => putative L,D-transpeptidase YcfS
[14:07:42] Modify product: Uncharacterized tRNA/rRNA methyltransferase HI_0380 => putative tRNA/rRNA methyltransferase
[14:07:42] Modify product: Probable crotonobetaine/carnitine-CoA ligase => putative crotonobetaine/carnitine-CoA ligase
[14:07:42] Modify product: Probable peptidoglycan glycosyltransferase FtsW => putative peptidoglycan glycosyltransferase FtsW
[14:07:42] Modify product: Probable tRNA-dihydrouridine synthase => putative tRNA-dihydrouridine synthase
[14:07:42] Modify product: Uncharacterized membrane protein YhdT => putative membrane protein YhdT
[14:07:42] Modify product: Probable acrylyl-CoA reductase AcuI => putative acrylyl-CoA reductase AcuI
[14:07:42] Modify product: Probable phospholipid import ATP-binding protein MlaF => putative phospholipid import ATP-binding protein MlaF
[14:07:42] Modify product: Probable phospholipid ABC transporter permease protein MlaE => putative phospholipid ABC transporter permease protein MlaE
[14:07:42] Modify product: Probable phospholipid ABC transporter-binding protein MlaD => putative phospholipid ABC transporter-binding protein MlaD
[14:07:42] Modify product: Probable phospholipid-binding protein MlaC => putative phospholipid-binding protein MlaC
[14:07:42] Modify product: Probable phospholipid ABC transporter-binding protein MlaB => putative phospholipid ABC transporter-binding protein MlaB
[14:07:42] Modify product: Uncharacterized inner membrane transporter YhbE => putative inner membrane transporter YhbE
[14:07:42] Modify product: Uncharacterized protease YhbU => putative protease YhbU
[14:07:42] Modify product: Uncharacterized fimbrial-like protein YraK => putative fimbrial-like protein YraK
[14:07:42] Modify product: Uncharacterized FAD-linked oxidoreductase Rv2280 => putative FAD-linked oxidoreductase
[14:07:42] Modify product: Probable UbiX-like flavin prenyltransferase => putative UbiX-like flavin prenyltransferase
[14:07:42] Modify product: Probable transporter SCO4007 => putative transporter
[14:07:42] Modify product: Probable HTH-type transcriptional regulator YgaV => putative HTH-type transcriptional regulator YgaV
[14:07:42] Modify product: Probable type I restriction enzyme BthVORF4518P M protein => putative type I restriction enzymeP M protein
[14:07:42] Modify product: Probable 9-O-acetyl-N-acetylneuraminic acid deacetylase => putative 9-O-acetyl-N-acetylneuraminic acid deacetylase
[14:07:42] Modify product: Probable N-acetylneuraminic acid outer membrane channel protein NanC => putative N-acetylneuraminic acid outer membrane channel protein NanC
[14:07:42] Modify product: Probable major fimbrial subunit LpfA => putative major fimbrial subunit LpfA
[14:07:42] Modify product: Uncharacterized GTP-binding protein YjiA => putative GTP-binding protein YjiA
[14:07:42] Modify product: Probable L-galactonate transporter => putative L-galactonate transporter
[14:07:42] Modify product: Probable HTH-type transcriptional regulator LgoR => putative HTH-type transcriptional regulator LgoR
[14:07:42] Modify product: Probable galactarate transporter => putative galactarate transporter
[14:07:42] Modify product: Probable RNA polymerase sigma factor FecI => putative RNA polymerase sigma factor FecI
[14:07:42] Modify product: Uncharacterized methyltransferase YcgJ => putative methyltransferase YcgJ
[14:07:42] Modify product: Probable glutamine ABC transporter permease protein GlnM => putative glutamine ABC transporter permease protein GlnM
[14:07:42] Modify product: Uncharacterized metal-dependent hydrolase YcfH => putative metal-dependent hydrolase YcfH
[14:07:43] Modify product: Probable glutamate/gamma-aminobutyrate antiporter => putative glutamate/gamma-aminobutyrate antiporter
[14:07:43] Modify product: Uncharacterized metal-dependent hydrolase YjjV => putative metal-dependent hydrolase YjjV
[14:07:43] Modify product: Uncharacterized fimbrial-like protein YadN => putative fimbrial-like protein YadN
[14:07:43] Modify product: Probable fimbrial chaperone YadV => putative fimbrial chaperone YadV
[14:07:43] Modify product: Uncharacterized fimbrial-like protein YadM => putative fimbrial-like protein YadM
[14:07:43] Modify product: Uncharacterized fimbrial-like protein YadL => putative fimbrial-like protein YadL
[14:07:43] Modify product: Uncharacterized fimbrial-like protein YadK => putative fimbrial-like protein YadK
[14:07:43] Modify product: Uncharacterized fimbrial-like protein YadC => putative fimbrial-like protein YadC
[14:07:43] Modify product: Probable autotransporter ROD_p1121 => putative autotransporter
[14:07:43] Modify product: Uncharacterized HTH-type transcriptional regulator YahB => putative HTH-type transcriptional regulator YahB
[14:07:43] Modify product: Probable dimethyl sulfoxide reductase chain YnfF => putative dimethyl sulfoxide reductase chain YnfF
[14:07:43] Modify product: Probable autotransporter ROD_p1121 => putative autotransporter
[14:07:43] Modify product: Probable D,D-dipeptide-binding periplasmic protein DdpA => putative D,D-dipeptide-binding periplasmic protein DdpA
[14:07:43] Modify product: Probable D,D-dipeptide transport system permease protein DdpB => putative D,D-dipeptide transport system permease protein DdpB
[14:07:43] Modify product: Probable D,D-dipeptide transport system permease protein DdpC => putative D,D-dipeptide transport system permease protein DdpC
[14:07:43] Modify product: Probable D,D-dipeptide transport ATP-binding protein DdpD => putative D,D-dipeptide transport ATP-binding protein DdpD
[14:07:43] Modify product: Probable D,D-dipeptide transport ATP-binding protein DdpF => putative D,D-dipeptide transport ATP-binding protein DdpF
[14:07:43] Modify product: Uncharacterized HTH-type transcriptional regulator YddM => putative HTH-type transcriptional regulator YddM
[14:07:43] Modify product: Probable nitrate reductase molybdenum cofactor assembly chaperone NarW => putative nitrate reductase molybdenum cofactor assembly chaperone NarW
[14:07:43] Modify product: Uncharacterized isomerase YddE => putative isomerase YddE
[14:07:43] Modify product: Uncharacterized fimbrial-like protein YehD => putative fimbrial-like protein YehD
[14:07:43] Modify product: Probable fimbrial chaperone YehC => putative fimbrial chaperone YehC
[14:07:43] Modify product: Uncharacterized fimbrial-like protein YehA => putative fimbrial-like protein YehA
[14:07:43] Modify product: Uncharacterized HTH-type transcriptional regulator HI_1476 => putative HTH-type transcriptional regulator
[14:07:43] Modify product: Probable diguanylate cyclase YfiN => putative diguanylate cyclase YfiN
[14:07:43] Modify product: Uncharacterized FAD-linked oxidoreductase Rv2280 => putative FAD-linked oxidoreductase
[14:07:43] Modify product: Uncharacterized glycosyltransferase Rv1514c => putative glycosyltransferase
[14:07:43] Modify product: Probable diguanylate cyclase YegE => putative diguanylate cyclase YegE
[14:07:43] Modify product: Uncharacterized protease YdcP => putative protease YdcP
[14:07:43] Modify product: Probable L,D-transpeptidase ErfK/SrfK => putative L,D-transpeptidase ErfK/SrfK
[14:07:43] Modify product: Probable FMN/FAD exporter YeeO => putative FMN/FAD exporter YeeO
[14:07:43] Modify product: Probable transcriptional regulatory protein SA0624 => putative transcriptional regulatory protein
[14:07:43] Modify product: Uncharacterized ABC transporter ATP-binding protein YlmA => putative ABC transporter ATP-binding protein YlmA
[14:07:43] Modify product: Uncharacterized fimbrial-like protein YbgD => putative fimbrial-like protein YbgD
[14:07:43] Modify product: GTP cyclohydrolase 1 type 2 homolog => GTP cyclohydrolase 1 type 2 
[14:07:43] Modify product: Uncharacterized ABC transporter ATP-binding protein YbiT => putative ABC transporter ATP-binding protein YbiT
[14:07:43] Modify product: Probable L,D-transpeptidase YbiS => putative L,D-transpeptidase YbiS
[14:07:43] Modify product: PKHD-type hydroxylase Sbal_3634 => PKHD-type hydroxylase
[14:07:43] Modify product: Uncharacterized oxidoreductase YbiC => putative oxidoreductase YbiC
[14:07:43] Modify product: Probable ATP-dependent helicase DinG => putative ATP-dependent helicase DinG
[14:07:43] Modify product: Uncharacterized lipoprotein YehR => putative lipoprotein YehR
[14:07:43] Modify product: Uncharacterized MFS-type transporter YhjX => putative MFS-type transporter YhjX
[14:07:43] Modify product: Uncharacterized N-acetyltransferase YjaB => putative N-acetyltransferase YjaB
[14:07:43] Modify product: Probable lipoprotein YiaD => putative lipoprotein YiaD
[14:07:43] Modify product: Uncharacterized GST-like protein YibF => putative GST-like protein YibF
[14:07:43] Modify product: Probable ECA polymerase => putative ECA polymerase
[14:07:43] Modify product: Probable transport protein YifK => putative transport protein YifK
[14:07:44] Modify product: Probable protein kinase UbiB => putative protein kinase UbiB
[14:07:44] Modify product: Prophage tail fiber assembly protein homolog TfaE => Prophage tail fiber assembly protein  TfaE
[14:07:44] Modify product: Probable amino-acid metabolite efflux pump => putative amino-acid metabolite efflux pump
[14:07:44] Modify product: Probable diguanylate cyclase YedQ => putative diguanylate cyclase YedQ
[14:07:44] Modify product: Uncharacterized oxidoreductase Rv2900c => putative oxidoreductase
[14:07:44] Modify product: Uncharacterized zinc protease Rv2782c => putative zinc protease
[14:07:44] Modify product: Uncharacterized ferredoxin-like protein YdhX => putative ferredoxin-like protein YdhX
[14:07:44] Modify product: Uncharacterized oxidoreductase YdhV => putative oxidoreductase YdhV
[14:07:44] Modify product: Uncharacterized ferredoxin-like protein YdhY => putative ferredoxin-like protein YdhY
[14:07:44] Modify product: Probable L,D-transpeptidase YnhG => putative L,D-transpeptidase YnhG
[14:07:44] Modify product: Probable ATP-dependent transporter SufC => putative ATP-dependent transporter SufC
[14:07:44] Modify product: Uncharacterized HTH-type transcriptional regulator YbiH => putative HTH-type transcriptional regulator YbiH
[14:07:44] Modify product: Uncharacterized ABC transporter ATP-binding protein YbhF => putative ABC transporter ATP-binding protein YbhF
[14:07:44] Modify product: Prophage tail fiber assembly protein homolog TfaE => Prophage tail fiber assembly protein  TfaE
[14:07:44] Modify product: Probable diguanylate cyclase YedQ => putative diguanylate cyclase YedQ
[14:07:44] Modify product: Uncharacterized inner membrane transporter YedA => putative inner membrane transporter YedA
[14:07:44] Modify product: Probable sensor-like histidine kinase YedV => putative sensor-like histidine kinase YedV
[14:07:44] Modify product: Probable transcriptional regulatory protein YedW => putative transcriptional regulatory protein YedW
[14:07:44] Modify product: Cytochrome b561 homolog 1 => Cytochrome b561 
[14:07:44] Modify product: Probable cystine transporter YijE => putative cystine transporter YijE
[14:07:44] Modify product: Probable L-galactonate transporter => putative L-galactonate transporter
[14:07:44] Modify product: Uncharacterized N-acetyltransferase YafP => putative N-acetyltransferase YafP
[14:07:44] Modify product: Probable acyltransferase YihG => putative acyltransferase YihG
[14:07:44] Modify product: Probable GTP-binding protein EngB => putative GTP-binding protein EngB
[14:07:44] Modify product: Uncharacterized protease YdcP => putative protease YdcP
[14:07:44] Modify product: Probable deoxyribonuclease RhsB => putative deoxyribonuclease RhsB
[14:07:44] Cleaned 226 /product names
[14:07:44] Deleting unwanted file: 2351_prokka/sprot.faa
[14:07:44] Deleting unwanted file: 2351_prokka/sprot.blast
[14:07:44] There are still 1468 unannotated CDS left (started with 4870)
[14:07:44] Will use hmmer3 to search against /home/ctmr/anaconda3/envs/bactpipe/bin/../db/hmm/HAMAP.hmm with 8 CPUs
[14:07:44] Running: cat 2351_prokka\/HAMAP\.hmm\.faa | parallel --gnu --plain -j 8 --block 20196 --recstart '>' --pipe hmmscan --noali --notextw --acc -E 1e-09 --cpu 1 /home/ctmr/anaconda3/envs/bactpipe/bin/../db/hmm/HAMAP.hmm /dev/stdin > 2351_prokka\/HAMAP\.hmm\.hmmer3 2> /dev/null
[14:08:15] Modify product: Uncharacterized Nudix hydrolase NudL => putative Nudix hydrolase NudL
[14:08:15] Cleaned 1 /product names
[14:08:15] Deleting unwanted file: 2351_prokka/HAMAP.hmm.faa
[14:08:15] Deleting unwanted file: 2351_prokka/HAMAP.hmm.hmmer3
[14:08:15] Labelling remaining 1400 proteins as 'hypothetical protein'
[14:08:15] Possible /pseudo 'Formate dehydrogenase H' at contig00001 position 199848
[14:08:15] Possible /pseudo 'Hydrogenase-4 component B' at contig00002 position 122926
[14:08:15] Possible /pseudo 'Phosphoenolpyruvate-protein phosphotransferase' at contig00002 position 213252
[14:08:15] Possible /pseudo 'Small toxic polypeptide LdrD' at contig00003 position 193869
[14:08:15] Possible /pseudo 'Energy-coupling factor transporter ATP-binding protein EcfA1' at contig00006 position 39919
[14:08:15] Possible /pseudo 'putative ATP synthase SpaL' at contig00006 position 121360
[14:08:15] Possible /pseudo 'Surface presentation of antigens protein SpaS' at contig00006 position 126366
[14:08:15] Possible /pseudo 'Surface presentation of antigens protein SpaS' at contig00006 position 126596
[14:08:15] Possible /pseudo 'General stress protein A' at contig00008 position 145188
[14:08:15] Possible /pseudo 'Cyclic di-GMP phosphodiesterase YahA' at contig00010 position 2020
[14:08:15] Possible /pseudo 'Outer membrane usher protein YehB' at contig00014 position 28165
[14:08:15] Possible /pseudo 'Crotonobetainyl-CoA dehydrogenase' at contig00014 position 49927
[14:08:15] Possible /pseudo 'Small toxic polypeptide LdrD' at contig00021 position 33228
[14:08:15] Possible /pseudo 'Small toxic polypeptide LdrD' at contig00021 position 33711
[14:08:15] Possible /pseudo 'Formate dehydrogenase-O major subunit' at contig00031 position 41961
[14:08:15] Possible /pseudo 'Putative 2,3-dihydroxypropane-1-sulfonate exporter' at contig00034 position 25117
[14:08:15] Possible /pseudo 'Formate dehydrogenase, nitrate-inducible, major subunit' at contig00037 position 18077
[14:08:15] Found 3016 unique /gene codes.
[14:08:15] Fixed 3 duplicate /gene - ydcV_1 ydcV_2 ydcV_3
[14:08:15] Fixed 5 duplicate /gene - ldrD_1 ldrD_2 ldrD_3 ldrD_4 ldrD_5
[14:08:15] Fixed 2 duplicate /gene - icsA_1 icsA_2
[14:08:15] Fixed 2 duplicate /gene - mtlA_1 mtlA_2
[14:08:15] Fixed 2 duplicate /gene - esiB_1 esiB_2
[14:08:15] Fixed 2 duplicate /gene - msbA_1 msbA_2
[14:08:15] Fixed 2 duplicate /gene - lgoT_1 lgoT_2
[14:08:15] Fixed 2 duplicate /gene - fucA_1 fucA_2
[14:08:15] Fixed 3 duplicate /gene - gltD_1 gltD_2 gltD_3
[14:08:15] Fixed 2 duplicate /gene - rrrD_1 rrrD_2
[14:08:15] Fixed 2 duplicate /gene - traC_1 traC_2
[14:08:15] Fixed 2 duplicate /gene - repA_1 repA_2
[14:08:15] Fixed 5 duplicate /gene - dmlR_1 dmlR_2 dmlR_3 dmlR_4 dmlR_5
[14:08:15] Fixed 2 duplicate /gene - kdgK_1 kdgK_2
[14:08:15] Fixed 2 duplicate /gene - dmsB_1 dmsB_2
[14:08:15] Fixed 4 duplicate /gene - yahA_1 yahA_2 yahA_3 yahA_4
[14:08:15] Fixed 2 duplicate /gene - rfaH_1 rfaH_2
[14:08:15] Fixed 2 duplicate /gene - narL_1 narL_2
[14:08:15] Fixed 2 duplicate /gene - bioF_1 bioF_2
[14:08:15] Fixed 2 duplicate /gene - lapB_1 lapB_2
[14:08:15] Fixed 2 duplicate /gene - gntK_1 gntK_2
[14:08:15] Fixed 2 duplicate /gene - lon_1 lon_2
[14:08:15] Fixed 2 duplicate /gene - adrB_1 adrB_2
[14:08:15] Fixed 3 duplicate /gene - epsE_1 epsE_2 epsE_3
[14:08:15] Fixed 2 duplicate /gene - sucD_1 sucD_2
[14:08:15] Fixed 2 duplicate /gene - kduD_1 kduD_2
[14:08:15] Fixed 2 duplicate /gene - nanK_1 nanK_2
[14:08:15] Fixed 3 duplicate /gene - gadX_1 gadX_2 gadX_3
[14:08:15] Fixed 2 duplicate /gene - pqiB_1 pqiB_2
[14:08:15] Fixed 2 duplicate /gene - pspB_1 pspB_2
[14:08:15] Fixed 2 duplicate /gene - yedQ_1 yedQ_2
[14:08:15] Fixed 2 duplicate /gene - gpr_1 gpr_2
[14:08:15] Fixed 2 duplicate /gene - fdhF_1 fdhF_2
[14:08:15] Fixed 4 duplicate /gene - corC_1 corC_2 corC_3 corC_4
[14:08:15] Fixed 2 duplicate /gene - ycfH_1 ycfH_2
[14:08:15] Fixed 2 duplicate /gene - nlpD_1 nlpD_2
[14:08:15] Fixed 7 duplicate /gene - xerD_1 xerD_2 xerD_3 xerD_4 xerD_5 xerD_6 xerD_7
[14:08:15] Fixed 2 duplicate /gene - slp_1 slp_2
[14:08:15] Fixed 2 duplicate /gene - cysE_1 cysE_2
[14:08:15] Fixed 2 duplicate /gene - dinG_1 dinG_2
[14:08:15] Fixed 2 duplicate /gene - cdsA_1 cdsA_2
[14:08:15] Fixed 2 duplicate /gene - gfcB_1 gfcB_2
[14:08:15] Fixed 2 duplicate /gene - chbC_1 chbC_2
[14:08:15] Fixed 2 duplicate /gene - chbR_1 chbR_2
[14:08:15] Fixed 2 duplicate /gene - ydiF_1 ydiF_2
[14:08:15] Fixed 3 duplicate /gene - hcaR_1 hcaR_2 hcaR_3
[14:08:15] Fixed 2 duplicate /gene - ulaD_1 ulaD_2
[14:08:15] Fixed 2 duplicate /gene - dnaK_1 dnaK_2
[14:08:15] Fixed 4 duplicate /gene - hyfB_1 hyfB_2 hyfB_3 hyfB_4
[14:08:15] Fixed 2 duplicate /gene - gmm_1 gmm_2
[14:08:15] Fixed 3 duplicate /gene - crfC_1 crfC_2 crfC_3
[14:08:15] Fixed 2 duplicate /gene - rhsB_1 rhsB_2
[14:08:15] Fixed 2 duplicate /gene - rpsA_1 rpsA_2
[14:08:15] Fixed 3 duplicate /gene - cbtA_1 cbtA_2 cbtA_3
[14:08:15] Fixed 2 duplicate /gene - yfcS_1 yfcS_2
[14:08:15] Fixed 2 duplicate /gene - ccmF_1 ccmF_2
[14:08:15] Fixed 3 duplicate /gene - pdhR_1 pdhR_2 pdhR_3
[14:08:15] Fixed 4 duplicate /gene - hin_1 hin_2 hin_3 hin_4
[14:08:15] Fixed 2 duplicate /gene - ylpA_1 ylpA_2
[14:08:15] Fixed 2 duplicate /gene - zraR_1 zraR_2
[14:08:15] Fixed 2 duplicate /gene - hflK_1 hflK_2
[14:08:15] Fixed 2 duplicate /gene - yeaI_1 yeaI_2
[14:08:15] Fixed 6 duplicate /gene - intA_1 intA_2 intA_3 intA_4 intA_5 intA_6
[14:08:15] Fixed 2 duplicate /gene - lacY_1 lacY_2
[14:08:15] Fixed 2 duplicate /gene - manP_1 manP_2
[14:08:15] Fixed 2 duplicate /gene - bvgA_1 bvgA_2
[14:08:15] Fixed 2 duplicate /gene - etfB_1 etfB_2
[14:08:15] Fixed 2 duplicate /gene - macA_1 macA_2
[14:08:15] Fixed 2 duplicate /gene - mepH_1 mepH_2
[14:08:15] Fixed 2 duplicate /gene - iscA_1 iscA_2
[14:08:15] Fixed 2 duplicate /gene - mipA_1 mipA_2
[14:08:15] Fixed 3 duplicate /gene - spaS_1 spaS_2 spaS_3
[14:08:15] Fixed 2 duplicate /gene - mepS_1 mepS_2
[14:08:15] Fixed 3 duplicate /gene - caiA_1 caiA_2 caiA_3
[14:08:15] Fixed 2 duplicate /gene - yccM_1 yccM_2
[14:08:15] Fixed 4 duplicate /gene - glpR_1 glpR_2 glpR_3 glpR_4
[14:08:15] Fixed 2 duplicate /gene - tsaR_1 tsaR_2
[14:08:15] Fixed 2 duplicate /gene - radD_1 radD_2
[14:08:15] Fixed 2 duplicate /gene - tal_1 tal_2
[14:08:15] Fixed 2 duplicate /gene - coaA_1 coaA_2
[14:08:15] Fixed 5 duplicate /gene - rhsC_1 rhsC_2 rhsC_3 rhsC_4 rhsC_5
[14:08:15] Fixed 2 duplicate /gene - dkgB_1 dkgB_2
[14:08:15] Fixed 2 duplicate /gene - dgt_1 dgt_2
[14:08:15] Fixed 5 duplicate /gene - xerC_1 xerC_2 xerC_3 xerC_4 xerC_5
[14:08:15] Fixed 2 duplicate /gene - fdnH_1 fdnH_2
[14:08:15] Fixed 2 duplicate /gene - lptB_1 lptB_2
[14:08:15] Fixed 2 duplicate /gene - galM_1 galM_2
[14:08:15] Fixed 2 duplicate /gene - manC1_1 manC1_2
[14:08:15] Fixed 2 duplicate /gene - betB_1 betB_2
[14:08:15] Fixed 2 duplicate /gene - lutA_1 lutA_2
[14:08:15] Fixed 2 duplicate /gene - mglA_1 mglA_2
[14:08:15] Fixed 2 duplicate /gene - sfaH_1 sfaH_2
[14:08:15] Fixed 2 duplicate /gene - azoR_1 azoR_2
[14:08:15] Fixed 3 duplicate /gene - pncC_1 pncC_2 pncC_3
[14:08:15] Fixed 2 duplicate /gene - purR_1 purR_2
[14:08:15] Fixed 2 duplicate /gene - ydjZ_1 ydjZ_2
[14:08:15] Fixed 2 duplicate /gene - murR_1 murR_2
[14:08:15] Fixed 3 duplicate /gene - etfA_1 etfA_2 etfA_3
[14:08:15] Fixed 2 duplicate /gene - ecfA1_1 ecfA1_2
[14:08:15] Fixed 2 duplicate /gene - nuoI_1 nuoI_2
[14:08:15] Fixed 2 duplicate /gene - flhA_1 flhA_2
[14:08:15] Fixed 2 duplicate /gene - yicJ_1 yicJ_2
[14:08:15] Fixed 2 duplicate /gene - gadW_1 gadW_2
[14:08:15] Fixed 3 duplicate /gene - fixX_1 fixX_2 fixX_3
[14:08:15] Fixed 2 duplicate /gene - traM_1 traM_2
[14:08:15] Fixed 3 duplicate /gene - potA_1 potA_2 potA_3
[14:08:15] Fixed 2 duplicate /gene - hypA_1 hypA_2
[14:08:15] Fixed 2 duplicate /gene - mtlR_1 mtlR_2
[14:08:15] Fixed 2 duplicate /gene - clcD_1 clcD_2
[14:08:15] Fixed 2 duplicate /gene - lexA_1 lexA_2
[14:08:15] Fixed 2 duplicate /gene - trxA_1 trxA_2
[14:08:15] Fixed 4 duplicate /gene - rob_1 rob_2 rob_3 rob_4
[14:08:15] Fixed 3 duplicate /gene - caiE_1 caiE_2 caiE_3
[14:08:15] Fixed 2 duplicate /gene - argE_1 argE_2
[14:08:15] Fixed 2 duplicate /gene - deoB_1 deoB_2
[14:08:15] Fixed 2 duplicate /gene - mltF_1 mltF_2
[14:08:15] Fixed 4 duplicate /gene - ssb_1 ssb_2 ssb_3 ssb_4
[14:08:15] Fixed 2 duplicate /gene - ugpC_1 ugpC_2
[14:08:15] Fixed 2 duplicate /gene - cusC_1 cusC_2
[14:08:15] Fixed 3 duplicate /gene - glnQ_1 glnQ_2 glnQ_3
[14:08:15] Fixed 2 duplicate /gene - spaL_1 spaL_2
[14:08:15] Fixed 2 duplicate /gene - mdh_1 mdh_2
[14:08:15] Fixed 2 duplicate /gene - fryB_1 fryB_2
[14:08:15] Fixed 2 duplicate /gene - nagC_1 nagC_2
[14:08:15] Fixed 2 duplicate /gene - manZ_1 manZ_2
[14:08:15] Fixed 2 duplicate /gene - oppD_1 oppD_2
[14:08:15] Fixed 2 duplicate /gene - bglA_1 bglA_2
[14:08:15] Fixed 2 duplicate /gene - yhdJ_1 yhdJ_2
[14:08:15] Fixed 2 duplicate /gene - arcC1_1 arcC1_2
[14:08:15] Fixed 2 duplicate /gene - fimA_1 fimA_2
[14:08:15] Fixed 2 duplicate /gene - chbA_1 chbA_2
[14:08:15] Fixed 2 duplicate /gene - nagB_1 nagB_2
[14:08:15] Fixed 2 duplicate /gene - glcC_1 glcC_2
[14:08:15] Fixed 3 duplicate /gene - cutC_1 cutC_2 cutC_3
[14:08:15] Fixed 3 duplicate /gene - gspA_1 gspA_2 gspA_3
[14:08:15] Fixed 2 duplicate /gene - icaB_1 icaB_2
[14:08:15] Fixed 2 duplicate /gene - acs_1 acs_2
[14:08:15] Fixed 2 duplicate /gene - ygdR_1 ygdR_2
[14:08:15] Fixed 3 duplicate /gene - ompD_1 ompD_2 ompD_3
[14:08:15] Fixed 2 duplicate /gene - exbB_1 exbB_2
[14:08:15] Fixed 2 duplicate /gene - folP_1 folP_2
[14:08:15] Fixed 2 duplicate /gene - clpP_1 clpP_2
[14:08:15] Fixed 2 duplicate /gene - rbsA_1 rbsA_2
[14:08:15] Fixed 4 duplicate /gene - ptsI_1 ptsI_2 ptsI_3 ptsI_4
[14:08:15] Fixed 3 duplicate /gene - ompX_1 ompX_2 ompX_3
[14:08:15] Fixed 4 duplicate /gene - cynR_1 cynR_2 cynR_3 cynR_4
[14:08:15] Fixed 3 duplicate /gene - yehB_1 yehB_2 yehB_3
[14:08:15] Fixed 2 duplicate /gene - elfC_1 elfC_2
[14:08:15] Fixed 2 duplicate /gene - afr_1 afr_2
[14:08:15] Fixed 2 duplicate /gene - xylA_1 xylA_2
[14:08:15] Fixed 2 duplicate /gene - kefC_1 kefC_2
[14:08:15] Fixed 2 duplicate /gene - gmd_1 gmd_2
[14:08:15] Fixed 2 duplicate /gene - yjaB_1 yjaB_2
[14:08:15] Fixed 2 duplicate /gene - gntR_1 gntR_2
[14:08:15] Fixed 3 duplicate /gene - papC_1 papC_2 papC_3
[14:08:15] Fixed 2 duplicate /gene - lpp_1 lpp_2
[14:08:15] Fixed 2 duplicate /gene - epsJ_1 epsJ_2
[14:08:15] Fixed 2 duplicate /gene - cysA_1 cysA_2
[14:08:15] Fixed 2 duplicate /gene - lacA_1 lacA_2
[14:08:15] Fixed 3 duplicate /gene - cbeA_1 cbeA_2 cbeA_3
[14:08:15] Fixed 3 duplicate /gene - fabG_1 fabG_2 fabG_3
[14:08:15] Fixed 5 duplicate /gene - klcA_1 klcA_2 klcA_3 klcA_4 klcA_5
[14:08:15] Fixed 2 duplicate /gene - fdoG_1 fdoG_2
[14:08:15] Fixed 2 duplicate /gene - dcuD_1 dcuD_2
[14:08:15] Fixed 2 duplicate /gene - cfaE_1 cfaE_2
[14:08:15] Fixed 2 duplicate /gene - gsiA_1 gsiA_2
[14:08:15] Fixed 2 duplicate /gene - narX_1 narX_2
[14:08:15] Fixed 5 duplicate /gene - srlR_1 srlR_2 srlR_3 srlR_4 srlR_5
[14:08:15] Fixed 2 duplicate /gene - hycG_1 hycG_2
[14:08:15] Fixed 3 duplicate /gene - malP_1 malP_2 malP_3
[14:08:15] Fixed 2 duplicate /gene - fruA_1 fruA_2
[14:08:15] Fixed 2 duplicate /gene - higA_1 higA_2
[14:08:15] Fixed 2 duplicate /gene - acrB_1 acrB_2
[14:08:15] Fixed 2 duplicate /gene - psuK_1 psuK_2
[14:08:15] Fixed 2 duplicate /gene - tmk_1 tmk_2
[14:08:15] Fixed 2 duplicate /gene - adhE_1 adhE_2
[14:08:15] Fixed 2 duplicate /gene - ccmH_1 ccmH_2
[14:08:15] Fixed 2 duplicate /gene - nagA_1 nagA_2
[14:08:15] Fixed 2 duplicate /gene - yhdN_1 yhdN_2
[14:08:15] Fixed 2 duplicate /gene - arsC_1 arsC_2
[14:08:15] Fixed 3 duplicate /gene - lolD_1 lolD_2 lolD_3
[14:08:15] Fixed 3 duplicate /gene - tabA_1 tabA_2 tabA_3
[14:08:15] Fixed 2 duplicate /gene - traI_1 traI_2
[14:08:15] Fixed 2 duplicate /gene - bglF_1 bglF_2
[14:08:15] Fixed 2 duplicate /gene - artM_1 artM_2
[14:08:15] Fixed 5 duplicate /gene - hyfA_1 hyfA_2 hyfA_3 hyfA_4 hyfA_5
[14:08:15] Fixed 2 duplicate /gene - rbsK_1 rbsK_2
[14:08:15] Fixed 2 duplicate /gene - garR_1 garR_2
[14:08:15] Fixed 2 duplicate /gene - glnM_1 glnM_2
[14:08:15] Fixed 2 duplicate /gene - elfG_1 elfG_2
[14:08:15] Fixed 2 duplicate /gene - rclR_1 rclR_2
[14:08:15] Fixed 2 duplicate /gene - vapC_1 vapC_2
[14:08:15] Fixed 2 duplicate /gene - ybgD_1 ybgD_2
[14:08:15] Fixed 2 duplicate /gene - ftsA_1 ftsA_2
[14:08:15] Fixed 2 duplicate /gene - finO_1 finO_2
[14:08:15] Fixed 4 duplicate /gene - gltC_1 gltC_2 gltC_3 gltC_4
[14:08:15] Fixed 2 duplicate /gene - rlmB_1 rlmB_2
[14:08:15] Fixed 2 duplicate /gene - yahB_1 yahB_2
[14:08:15] Fixed 2 duplicate /gene - acpP_1 acpP_2
[14:08:15] Fixed 2 duplicate /gene - srmB_1 srmB_2
[14:08:15] Fixed 2 duplicate /gene - yhjE_1 yhjE_2
[14:08:15] Fixed 2 duplicate /gene - fimD_1 fimD_2
[14:08:15] Fixed 2 duplicate /gene - dosC_1 dosC_2
[14:08:15] Fixed 3 duplicate /gene - sgrR_1 sgrR_2 sgrR_3
[14:08:15] Fixed 2 duplicate /gene - loiP_1 loiP_2
[14:08:15] Fixed 3 duplicate /gene - parM_1 parM_2 parM_3
[14:08:15] Fixed 3 duplicate /gene - gutB_1 gutB_2 gutB_3
[14:08:15] Fixed 2 duplicate /gene - agaC_1 agaC_2
[14:08:15] Fixed 2 duplicate /gene - rhaS_1 rhaS_2
[14:08:15] Fixed 2 duplicate /gene - sfaS_1 sfaS_2
[14:08:15] Fixed 2 duplicate /gene - aaeA_1 aaeA_2
[14:08:15] Fixed 2 duplicate /gene - bioD1_1 bioD1_2
[14:08:15] Fixed 2 duplicate /gene - fcl_1 fcl_2
[14:08:15] Fixed 3 duplicate /gene - mngR_1 mngR_2 mngR_3
[14:08:15] Fixed 2 duplicate /gene - glrR_1 glrR_2
[14:08:15] Fixed 2 duplicate /gene - exbD_1 exbD_2
[14:08:15] Fixed 4 duplicate /gene - era_1 era_2 era_3 era_4
[14:08:15] Fixed 2 duplicate /gene - gstB_1 gstB_2
[14:08:15] Fixed 2 duplicate /gene - yfgF_1 yfgF_2
[14:08:15] Fixed 3 duplicate /gene - rhaR_1 rhaR_2 rhaR_3
[14:08:15] Fixed 2 duplicate /gene - yihP_1 yihP_2
[14:08:15] Fixed 2 duplicate /gene - fiu_1 fiu_2
[14:08:15] Fixed 3 duplicate /gene - rep_1 rep_2 rep_3
[14:08:15] Fixed 2 duplicate /gene - manX_1 manX_2
[14:08:15] Fixed 2 duplicate /gene - queC_1 queC_2
[14:08:15] Fixed 2 duplicate /gene - sfaG_1 sfaG_2
[14:08:15] Fixed 2 duplicate /gene - aaeB_1 aaeB_2
[14:08:15] Fixed 2 duplicate /gene - ybdO_1 ybdO_2
[14:08:15] Fixed 2 duplicate /gene - yraJ_1 yraJ_2
[14:08:15] Fixed 2 duplicate /gene - rhtC_1 rhtC_2
[14:08:15] Fixed 2 duplicate /gene - dmsC_1 dmsC_2
[14:08:15] Fixed 2 duplicate /gene - traD_1 traD_2
[14:08:15] Fixed 2 duplicate /gene - tqsA_1 tqsA_2
[14:08:15] Fixed 2 duplicate /gene - gnu_1 gnu_2
[14:08:15] Fixed 4 duplicate /gene - bhsA_1 bhsA_2 bhsA_3 bhsA_4
[14:08:15] Fixed 3 duplicate /gene - chuR_1 chuR_2 chuR_3
[14:08:15] Fixed 2 duplicate /gene - proP_1 proP_2
[14:08:15] Fixed 2 duplicate /gene - yiaW_1 yiaW_2
[14:08:15] Fixed 2 duplicate /gene - ssuC_1 ssuC_2
[14:08:15] Fixed 2 duplicate /gene - ulaE_1 ulaE_2
[14:08:15] Fixed 2 duplicate /gene - caiT_1 caiT_2
[14:08:15] Fixed 2 duplicate /gene - hha_1 hha_2
[14:08:15] Fixed 2 duplicate /gene - xdhA_1 xdhA_2
[14:08:15] Fixed 2 duplicate /gene - sbmC_1 sbmC_2
[14:08:15] Fixed 2 duplicate /gene - flu_1 flu_2
[14:08:15] Fixed 2 duplicate /gene - lsrK_1 lsrK_2
[14:08:15] Fixed 2 duplicate /gene - yiaJ_1 yiaJ_2
[14:08:15] Fixed 2 duplicate /gene - ydjE_1 ydjE_2
[14:08:15] Fixed 3 duplicate /gene - bglH_1 bglH_2 bglH_3
[14:08:15] Fixed 2 duplicate /gene - por_1 por_2
[14:08:15] Fixed 2 duplicate /gene - ydhX_1 ydhX_2
[14:08:15] Fixed 2 duplicate /gene - fliP_1 fliP_2
[14:08:15] Fixed 2 duplicate /gene - topA_1 topA_2
[14:08:15] Fixed 2 duplicate /gene - gadB_1 gadB_2
[14:08:15] Fixed 2 duplicate /gene - yccS_1 yccS_2
[14:08:15] Fixed 2 duplicate /gene - ygcS_1 ygcS_2
[14:08:15] Fixed 2 duplicate /gene - ydeH_1 ydeH_2
[14:08:15] Fixed 2 duplicate /gene - yjiE_1 yjiE_2
[14:08:15] Fixed 2 duplicate /gene - recF_1 recF_2
[14:08:15] Fixed 2 duplicate /gene - hemN_1 hemN_2
[14:08:15] Fixed 2 duplicate /gene - lptF_1 lptF_2
[14:08:15] Fixed 2 duplicate /gene - lptG_1 lptG_2
[14:08:15] Fixed 2 duplicate /gene - ydcP_1 ydcP_2
[14:08:15] Fixed 2 duplicate /gene - fdnG_1 fdnG_2
[14:08:15] Fixed 2 duplicate /gene - dprA_1 dprA_2
[14:08:15] Fixed 2 duplicate /gene - fbaA_1 fbaA_2
[14:08:15] Fixed 2 duplicate /gene - epsF_1 epsF_2
[14:08:15] Fixed 2 duplicate /gene - acrF_1 acrF_2
[14:08:15] Fixed 2 duplicate /gene - yhaJ_1 yhaJ_2
[14:08:15] Fixed 2 duplicate /gene - algC_1 algC_2
[14:08:15] Fixed 2 duplicate /gene - oxyR_1 oxyR_2
[14:08:15] Fixed 2 duplicate /gene - recE_1 recE_2
[14:08:15] Fixed 2 duplicate /gene - ftnA_1 ftnA_2
[14:08:15] Fixed 2 duplicate /gene - ecpR_1 ecpR_2
[14:08:15] Fixed 2 duplicate /gene - rspA_1 rspA_2
[14:08:15] Fixed 2 duplicate /gene - rusA_1 rusA_2
[14:08:15] Fixed 2 duplicate /gene - vgrG1_1 vgrG1_2
[14:08:15] Fixed 3 duplicate /gene - glpE_1 glpE_2 glpE_3
[14:08:15] Fixed 2 duplicate /gene - cysW_1 cysW_2
[14:08:15] Fixed 2 duplicate /gene - pilT_1 pilT_2
[14:08:15] Fixed 2 duplicate /gene - oppF_1 oppF_2
[14:08:15] Fixed 3 duplicate /gene - rbsC_1 rbsC_2 rbsC_3
[14:08:15] Fixed 2 duplicate /gene - bla_1 bla_2
[14:08:15] Fixed 3 duplicate /gene - dcuA_1 dcuA_2 dcuA_3
[14:08:15] Fixed 2 duplicate /gene - traA_1 traA_2
[14:08:15] Fixed 3 duplicate /gene - tfaE_1 tfaE_2 tfaE_3
[14:08:15] Fixed 3 duplicate /gene - pgrR_1 pgrR_2 pgrR_3
[14:08:15] Fixed 2 duplicate /gene - pitA_1 pitA_2
[14:08:15] Fixed 2 duplicate /gene - osmY_1 osmY_2
[14:08:15] Fixed 2 duplicate /gene - def_1 def_2
[14:08:15] Fixed 4 duplicate /gene - intS_1 intS_2 intS_3 intS_4
[14:08:15] Fixed 2 duplicate /gene - aspT_1 aspT_2
[14:08:15] Fixed 2 duplicate /gene - ydhP_1 ydhP_2
[14:08:15] Fixed 3 duplicate /gene - cysJ_1 cysJ_2 cysJ_3
[14:08:15] Fixed 2 duplicate /gene - acrR_1 acrR_2
[14:08:15] Fixed 2 duplicate /gene - sorB_1 sorB_2
[14:08:15] Fixed 2 duplicate /gene - ais_1 ais_2
[14:08:15] Fixed 2 duplicate /gene - zraS_1 zraS_2
[14:08:15] Fixed 2 duplicate /gene - lldR_1 lldR_2
[14:08:15] Fixed 299 colliding /gene names.
[14:08:15] Adding /locus_tag identifiers
[14:08:15] Assigned 4962 locus_tags to CDS and RNA features.
[14:08:15] Writing outputs to 2351_prokka/
[14:08:17] Generating annotation statistics file
[14:08:17] Generating Genbank and Sequin files
[14:08:17] Running: tbl2asn -V b -a r10k -l paired-ends -M n -N 1 -y 'Annotated using prokka 1.12 from https://github.com/tseemann/prokka' -Z 2351_prokka\/2351\.err -i 2351_prokka\/2351\.fsa 2> /dev/null
[14:08:29] Deleting unwanted file: 2351_prokka/errorsummary.val
[14:08:29] Deleting unwanted file: 2351_prokka/2351.dr
[14:08:29] Deleting unwanted file: 2351_prokka/2351.fixedproducts
[14:08:29] Deleting unwanted file: 2351_prokka/2351.ecn
[14:08:29] Deleting unwanted file: 2351_prokka/2351.val
[14:08:29] Repairing broken .GBK output that tbl2asn produces...
[14:08:29] Running: sed 's/COORDINATES: profile/COORDINATES:profile/' < 2351_prokka\/2351\.gbf > 2351_prokka\/2351\.gbk
[14:08:29] Deleting unwanted file: 2351_prokka/2351.gbf
[14:08:29] Output files:
[14:08:29] 2351_prokka/2351.gff
[14:08:29] 2351_prokka/2351.tsv
[14:08:29] 2351_prokka/2351.gbk
[14:08:29] 2351_prokka/2351.faa
[14:08:29] 2351_prokka/2351.fna
[14:08:29] 2351_prokka/2351.txt
[14:08:29] 2351_prokka/2351.tbl
[14:08:29] 2351_prokka/2351.log
[14:08:29] 2351_prokka/2351.fsa
[14:08:29] 2351_prokka/2351.err
[14:08:29] 2351_prokka/2351.ffn
[14:08:29] 2351_prokka/2351.sqn
[14:08:29] Annotation finished successfully.
[14:08:29] Walltime used: 3.92 minutes
[14:08:29] If you use this result please cite the Prokka paper:
[14:08:29] Seemann T (2014) Prokka: rapid prokaryotic genome annotation. Bioinformatics. 30(14):2068-9.
[14:08:29] Type 'prokka --citation' for more details.
[14:08:29] Share and enjoy!
